<?xml version="1.0" encoding="UTF-8"?>
<!-- Generated by org.testng.reporters.JUnitReportReporter -->
<testsuite skipped="0" hostname="DESKTOP-19QAE7B" name="Academy.HomePageTest" tests="1" failures="0" timestamp="2022-06-24T12:22:34 IST" time="35.848" errors="0">
  <testcase name="basePageNavigation" time="35.848" classname="Academy.HomePageTest"/>
  <system-out/>
</testsuite> <!-- Academy.HomePageTest -->
