<?xml version="1.0" encoding="UTF-8"?>
<!-- Generated by org.testng.reporters.JUnitReportReporter -->
<testsuite skipped="0" hostname="DESKTOP-19QAE7B" name="Academy.ValidateTitleTest" tests="1" failures="0" timestamp="2022-06-24T12:27:41 IST" time="21.576" errors="0">
  <testcase name="title" time="21.576" classname="Academy.ValidateTitleTest"/>
  <system-out/>
</testsuite> <!-- Academy.ValidateTitleTest -->
